[1/6] Building CXX object CMakeFiles/native-lib.dir/fdsst/fdssttracker.cpp.o
FAILED: CMakeFiles/native-lib.dir/fdsst/fdssttracker.cpp.o 
C:\Users\Dong\AppData\Local\Android\Sdk\ndk\16.1.4479499\toolchains\llvm\prebuilt\windows-x86_64\bin\clang++.exe --target=aarch64-none-linux-android --gcc-toolchain=C:/Users/Dong/AppData/Local/Android/Sdk/ndk/16.1.4479499/toolchains/aarch64-linux-android-4.9/prebuilt/windows-x86_64 --sysroot=C:/Users/Dong/AppData/Local/Android/Sdk/ndk/16.1.4479499/sysroot  -Dnative_lib_EXPORTS -IC:/Users/Dong/Desktop/GraduationProject/Android-DJI-FDSST/app/src/main/cpp/fdsst -IC:/Users/Dong/Desktop/GraduationProject/Android-DJI-FDSST/app/src/main/cpp/include/opencv2 -IC:/Users/Dong/Desktop/GraduationProject/Android-DJI-FDSST/app/src/main/cpp/ncnnvulkan/include -isystem C:/Users/Dong/AppData/Local/Android/Sdk/ndk/16.1.4479499/sources/cxx-stl/llvm-libc++/include -isystem C:/Users/Dong/AppData/Local/Android/Sdk/ndk/16.1.4479499/sources/android/support/include -isystem C:/Users/Dong/AppData/Local/Android/Sdk/ndk/16.1.4479499/sources/cxx-stl/llvm-libc++abi/include -isystem C:/Users/Dong/AppData/Local/Android/Sdk/ndk/16.1.4479499/sysroot/usr/include/aarch64-linux-android -D__ANDROID_API__=24 -g -DANDROID -ffunction-sections -funwind-tables -fstack-protector-strong -no-canonical-prefixes -Wa,--noexecstack -Wformat -Werror=format-security -std=c++11 -std=c++14 -fopenmp -LC:/Users/Dong/Desktop/GraduationProject/Android-DJI-FDSST/app/src/main/cpp/../jniLibs/arm64-v8a -O0 -fno-limit-debug-info  -fPIC -MD -MT CMakeFiles/native-lib.dir/fdsst/fdssttracker.cpp.o -MF CMakeFiles\native-lib.dir\fdsst\fdssttracker.cpp.o.d -o CMakeFiles/native-lib.dir/fdsst/fdssttracker.cpp.o -c C:/Users/Dong/Desktop/GraduationProject/Android-DJI-FDSST/app/src/main/cpp/fdsst/fdssttracker.cpp
clang++.exe: warning: argument unused during compilation: '-LC:/Users/Dong/Desktop/GraduationProject/Android-DJI-FDSST/app/src/main/cpp/../jniLibs/arm64-v8a' [-Wunused-command-line-argument]
In file included from C:/Users/Dong/Desktop/GraduationProject/Android-DJI-FDSST/app/src/main/cpp/fdsst/fdssttracker.cpp:89:
In file included from C:/Users/Dong/Desktop/GraduationProject/Android-DJI-FDSST/app/src/main/cpp/fdsst/fdssttracker.hpp:86:
C:/Users/Dong/Desktop/GraduationProject/Android-DJI-FDSST/app/src/main/cpp/fdsst/trackerForFdsst.h:22:10: fatal error: 'opencv2/opencv.hpp' file not found
#include <opencv2/opencv.hpp>
         ^~~~~~~~~~~~~~~~~~~~
1 error generated.
[2/6] Building CXX object CMakeFiles/native-lib.dir/fdsst/fhog.cpp.o
FAILED: CMakeFiles/native-lib.dir/fdsst/fhog.cpp.o 
C:\Users\Dong\AppData\Local\Android\Sdk\ndk\16.1.4479499\toolchains\llvm\prebuilt\windows-x86_64\bin\clang++.exe --target=aarch64-none-linux-android --gcc-toolchain=C:/Users/Dong/AppData/Local/Android/Sdk/ndk/16.1.4479499/toolchains/aarch64-linux-android-4.9/prebuilt/windows-x86_64 --sysroot=C:/Users/Dong/AppData/Local/Android/Sdk/ndk/16.1.4479499/sysroot  -Dnative_lib_EXPORTS -IC:/Users/Dong/Desktop/GraduationProject/Android-DJI-FDSST/app/src/main/cpp/fdsst -IC:/Users/Dong/Desktop/GraduationProject/Android-DJI-FDSST/app/src/main/cpp/include/opencv2 -IC:/Users/Dong/Desktop/GraduationProject/Android-DJI-FDSST/app/src/main/cpp/ncnnvulkan/include -isystem C:/Users/Dong/AppData/Local/Android/Sdk/ndk/16.1.4479499/sources/cxx-stl/llvm-libc++/include -isystem C:/Users/Dong/AppData/Local/Android/Sdk/ndk/16.1.4479499/sources/android/support/include -isystem C:/Users/Dong/AppData/Local/Android/Sdk/ndk/16.1.4479499/sources/cxx-stl/llvm-libc++abi/include -isystem C:/Users/Dong/AppData/Local/Android/Sdk/ndk/16.1.4479499/sysroot/usr/include/aarch64-linux-android -D__ANDROID_API__=24 -g -DANDROID -ffunction-sections -funwind-tables -fstack-protector-strong -no-canonical-prefixes -Wa,--noexecstack -Wformat -Werror=format-security -std=c++11 -std=c++14 -fopenmp -LC:/Users/Dong/Desktop/GraduationProject/Android-DJI-FDSST/app/src/main/cpp/../jniLibs/arm64-v8a -O0 -fno-limit-debug-info  -fPIC -MD -MT CMakeFiles/native-lib.dir/fdsst/fhog.cpp.o -MF CMakeFiles\native-lib.dir\fdsst\fhog.cpp.o.d -o CMakeFiles/native-lib.dir/fdsst/fhog.cpp.o -c C:/Users/Dong/Desktop/GraduationProject/Android-DJI-FDSST/app/src/main/cpp/fdsst/fhog.cpp
clang++.exe: warning: argument unused during compilation: '-LC:/Users/Dong/Desktop/GraduationProject/Android-DJI-FDSST/app/src/main/cpp/../jniLibs/arm64-v8a' [-Wunused-command-line-argument]
In file included from C:/Users/Dong/Desktop/GraduationProject/Android-DJI-FDSST/app/src/main/cpp/fdsst/fhog.cpp:10:
C:/Users/Dong/Desktop/GraduationProject/Android-DJI-FDSST/app/src/main/cpp/fdsst/fhog.h:9:10: fatal error: 'opencv2/core/core.hpp' file not found
#include <opencv2/core/core.hpp>
         ^~~~~~~~~~~~~~~~~~~~~~~
1 error generated.
[3/6] Building CXX object CMakeFiles/native-lib.dir/native-lib.cpp.o
FAILED: CMakeFiles/native-lib.dir/native-lib.cpp.o 
C:\Users\Dong\AppData\Local\Android\Sdk\ndk\16.1.4479499\toolchains\llvm\prebuilt\windows-x86_64\bin\clang++.exe --target=aarch64-none-linux-android --gcc-toolchain=C:/Users/Dong/AppData/Local/Android/Sdk/ndk/16.1.4479499/toolchains/aarch64-linux-android-4.9/prebuilt/windows-x86_64 --sysroot=C:/Users/Dong/AppData/Local/Android/Sdk/ndk/16.1.4479499/sysroot  -Dnative_lib_EXPORTS -IC:/Users/Dong/Desktop/GraduationProject/Android-DJI-FDSST/app/src/main/cpp/fdsst -IC:/Users/Dong/Desktop/GraduationProject/Android-DJI-FDSST/app/src/main/cpp/include/opencv2 -IC:/Users/Dong/Desktop/GraduationProject/Android-DJI-FDSST/app/src/main/cpp/ncnnvulkan/include -isystem C:/Users/Dong/AppData/Local/Android/Sdk/ndk/16.1.4479499/sources/cxx-stl/llvm-libc++/include -isystem C:/Users/Dong/AppData/Local/Android/Sdk/ndk/16.1.4479499/sources/android/support/include -isystem C:/Users/Dong/AppData/Local/Android/Sdk/ndk/16.1.4479499/sources/cxx-stl/llvm-libc++abi/include -isystem C:/Users/Dong/AppData/Local/Android/Sdk/ndk/16.1.4479499/sysroot/usr/include/aarch64-linux-android -D__ANDROID_API__=24 -g -DANDROID -ffunction-sections -funwind-tables -fstack-protector-strong -no-canonical-prefixes -Wa,--noexecstack -Wformat -Werror=format-security -std=c++11 -std=c++14 -fopenmp -LC:/Users/Dong/Desktop/GraduationProject/Android-DJI-FDSST/app/src/main/cpp/../jniLibs/arm64-v8a -O0 -fno-limit-debug-info  -fPIC -MD -MT CMakeFiles/native-lib.dir/native-lib.cpp.o -MF CMakeFiles\native-lib.dir\native-lib.cpp.o.d -o CMakeFiles/native-lib.dir/native-lib.cpp.o -c C:/Users/Dong/Desktop/GraduationProject/Android-DJI-FDSST/app/src/main/cpp/native-lib.cpp
clang++.exe: warning: argument unused during compilation: '-LC:/Users/Dong/Desktop/GraduationProject/Android-DJI-FDSST/app/src/main/cpp/../jniLibs/arm64-v8a' [-Wunused-command-line-argument]
C:/Users/Dong/Desktop/GraduationProject/Android-DJI-FDSST/app/src/main/cpp/native-lib.cpp:14:10: fatal error: 'opencv2/imgproc.hpp' file not found
#include <opencv2/imgproc.hpp>
         ^~~~~~~~~~~~~~~~~~~~~
1 error generated.
[4/6] Building CXX object CMakeFiles/native-lib.dir/YoloV4.cpp.o
clang++.exe: warning: argument unused during compilation: '-LC:/Users/Dong/Desktop/GraduationProject/Android-DJI-FDSST/app/src/main/cpp/../jniLibs/arm64-v8a' [-Wunused-command-line-argument]
[5/6] Building CXX object CMakeFiles/native-lib.dir/YoloV5.cpp.o
clang++.exe: warning: argument unused during compilation: '-LC:/Users/Dong/Desktop/GraduationProject/Android-DJI-FDSST/app/src/main/cpp/../jniLibs/arm64-v8a' [-Wunused-command-line-argument]
ninja: build stopped: subcommand failed.
